Could not save font_manager cache [Errno 122] Disk quota exceeded
[32mINFO - Executing data_bd_V2.py - 2025-04-01 05:44:44
[0m
Files already downloaded and verified
Files already downloaded and verified
[32mINFO - Running Part 1: Training Set Creation ...[0m
[32mINFO - Running Part 2: Test Set Creation ...[0m
[32mINFO - Running Part 3: Save the poisoned datasets ...[0m
[32mINFO - Poisoned datasets saved in ./poison_datasets/[0m

[32mINFO - Executed data_bd_V2.py successfully - 2025-04-01 05:45:04.[0m
[32mINFO - Execution time: 19.4300887585s[0m
{'checkpoint': 'results/cifar10poison/meta2_cifar_T10_71', 'savepoint': 'models/cifar10poison/meta2_cifar_T10_71', 'data_path': 'C:/Users/justi/PycharmProjects/iTAML_ATK_Mk1/poisoned_datasets', 'num_class': 10, 'class_per_task': 2, 'num_task': 5, 'test_samples_per_class': 1000, 'dataset': 'cifar10poison', 'optimizer': 'radam', 'epochs': 70, 'lr': 0.01, 'train_batch': 256, 'test_batch': 200, 'workers': 16, 'sess': 0, 'schedule': [20, 40, 60], 'gamma': 0.2, 'random_classes': False, 'validation': 0, 'memory': 2000, 'mu': 1, 'beta': 1.0, 'r': 2, 'enable_field_test': True, 'field_test_path': 'poison_datasets/test_poisoned_V2.pth'}
  Total params: 1.23M 
Files already downloaded and verified
0
[2, 2, 2, 2, 2]
{'min_class': 0, 'max_class': 2, 'task': 0, 'max_task': 5, 'n_train_data': 10000, 'n_test_data': 2000}
{0: 2000}

Epoch: [1 | 70] LR: 0.010000 Sess: 0
/coe_data/AI_CL/iTAML_ATTAK/iTAML-master/radam.py:45: UserWarning: This overload of addcmul_ is deprecated:
	addcmul_(Number value, Tensor tensor1, Tensor tensor2)
Consider using one of the following signatures instead:
	addcmul_(Tensor tensor1, Tensor tensor2, *, Number value) (Triggered internally at  ../torch/csrc/utils/python_arg_parser.cpp:1055.)
  exp_avg_sq.mul_(beta2).addcmul_(1 - beta2, grad, grad)
90.35
{1: 929, 0: 878}

Epoch: [2 | 70] LR: 0.010000 Sess: 0
88.5
{1: 993, 0: 777}

Epoch: [3 | 70] LR: 0.010000 Sess: 0
93.8
{1: 946, 0: 930}

Epoch: [4 | 70] LR: 0.010000 Sess: 0
96.35
{1: 978, 0: 949}

Epoch: [5 | 70] LR: 0.010000 Sess: 0
96.19999999999999
{1: 947, 0: 977}

Epoch: [6 | 70] LR: 0.010000 Sess: 0
96.8
{1: 966, 0: 970}

Epoch: [7 | 70] LR: 0.010000 Sess: 0
97.3
{1: 977, 0: 969}

Epoch: [8 | 70] LR: 0.010000 Sess: 0
96.44999999999999
{1: 959, 0: 970}

Epoch: [9 | 70] LR: 0.010000 Sess: 0
95.25
{1: 997, 0: 908}

Epoch: [10 | 70] LR: 0.010000 Sess: 0
96.65
{1: 989, 0: 944}

Epoch: [11 | 70] LR: 0.010000 Sess: 0
97.5
{1: 969, 0: 981}

Epoch: [12 | 70] LR: 0.010000 Sess: 0
96.94999999999999
{1: 974, 0: 965}

Epoch: [13 | 70] LR: 0.010000 Sess: 0
93.94999999999999
{1: 993, 0: 886}

Epoch: [14 | 70] LR: 0.010000 Sess: 0
96.94999999999999
{1: 986, 0: 953}

Epoch: [15 | 70] LR: 0.010000 Sess: 0
98.05
{1: 987, 0: 974}

Epoch: [16 | 70] LR: 0.010000 Sess: 0
50.25
{0: 1000, 1: 5}

Epoch: [17 | 70] LR: 0.010000 Sess: 0
95.55000000000001
{1: 987, 0: 924}

Epoch: [18 | 70] LR: 0.010000 Sess: 0
87.75
{1: 763, 0: 992}

Epoch: [19 | 70] LR: 0.010000 Sess: 0
97.4
{1: 978, 0: 970}

Epoch: [20 | 70] LR: 0.010000 Sess: 0
96.95
{1: 957, 0: 982}

Epoch: [21 | 70] LR: 0.002000 Sess: 0
97.75
{1: 985, 0: 970}

Epoch: [22 | 70] LR: 0.002000 Sess: 0
97.95
{1: 982, 0: 977}

Epoch: [23 | 70] LR: 0.002000 Sess: 0
97.6
{1: 986, 0: 966}

Epoch: [24 | 70] LR: 0.002000 Sess: 0
97.9
{1: 982, 0: 976}

Epoch: [25 | 70] LR: 0.002000 Sess: 0
97.75
{1: 979, 0: 976}

Epoch: [26 | 70] LR: 0.002000 Sess: 0
97.69999999999999
{1: 980, 0: 974}

Epoch: [27 | 70] LR: 0.002000 Sess: 0
97.75
{1: 977, 0: 978}

Epoch: [28 | 70] LR: 0.002000 Sess: 0
97.94999999999999
{1: 980, 0: 979}

Epoch: [29 | 70] LR: 0.002000 Sess: 0
97.75
{1: 978, 0: 977}

Epoch: [30 | 70] LR: 0.002000 Sess: 0
97.8
{1: 981, 0: 975}

Epoch: [31 | 70] LR: 0.002000 Sess: 0
97.85
{1: 985, 0: 972}

Epoch: [32 | 70] LR: 0.002000 Sess: 0
97.8
{1: 974, 0: 982}

Epoch: [33 | 70] LR: 0.002000 Sess: 0
98.0
{1: 988, 0: 972}

Epoch: [34 | 70] LR: 0.002000 Sess: 0
97.75
{1: 976, 0: 979}

Epoch: [35 | 70] LR: 0.002000 Sess: 0
98.1
{1: 987, 0: 975}

Epoch: [36 | 70] LR: 0.002000 Sess: 0
98.05
{1: 983, 0: 978}

Epoch: [37 | 70] LR: 0.002000 Sess: 0
97.9
{1: 984, 0: 974}

Epoch: [38 | 70] LR: 0.002000 Sess: 0
97.94999999999999
{1: 980, 0: 979}

Epoch: [39 | 70] LR: 0.002000 Sess: 0
97.89999999999999
{1: 979, 0: 979}

Epoch: [40 | 70] LR: 0.002000 Sess: 0
97.8
{1: 977, 0: 979}

Epoch: [41 | 70] LR: 0.000400 Sess: 0
97.85
{1: 979, 0: 978}

Epoch: [42 | 70] LR: 0.000400 Sess: 0
97.55
{1: 970, 0: 981}

Epoch: [43 | 70] LR: 0.000400 Sess: 0
98.0
{1: 988, 0: 972}

Epoch: [44 | 70] LR: 0.000400 Sess: 0
98.05
{1: 982, 0: 979}

Epoch: [45 | 70] LR: 0.000400 Sess: 0
98.05
{1: 988, 0: 973}

Epoch: [46 | 70] LR: 0.000400 Sess: 0
98.0
{1: 983, 0: 977}

Epoch: [47 | 70] LR: 0.000400 Sess: 0
97.8
{1: 988, 0: 968}

Epoch: [48 | 70] LR: 0.000400 Sess: 0
97.6
{1: 988, 0: 964}

Epoch: [49 | 70] LR: 0.000400 Sess: 0
97.85
{1: 984, 0: 973}

Epoch: [50 | 70] LR: 0.000400 Sess: 0
97.9
{1: 981, 0: 977}

Epoch: [51 | 70] LR: 0.000400 Sess: 0
97.80000000000001
{1: 984, 0: 972}

Epoch: [52 | 70] LR: 0.000400 Sess: 0
97.9
{1: 983, 0: 975}

Epoch: [53 | 70] LR: 0.000400 Sess: 0
98.0
{1: 982, 0: 978}

Epoch: [54 | 70] LR: 0.000400 Sess: 0
97.95
{1: 984, 0: 975}

Epoch: [55 | 70] LR: 0.000400 Sess: 0
97.95
{1: 984, 0: 975}

Epoch: [56 | 70] LR: 0.000400 Sess: 0
98.05
{1: 981, 0: 980}

Epoch: [57 | 70] LR: 0.000400 Sess: 0
97.95
{1: 982, 0: 977}

Epoch: [58 | 70] LR: 0.000400 Sess: 0
97.9
{1: 985, 0: 973}

Epoch: [59 | 70] LR: 0.000400 Sess: 0
98.0
{1: 982, 0: 978}

Epoch: [60 | 70] LR: 0.000400 Sess: 0
98.05
{1: 988, 0: 973}

Epoch: [61 | 70] LR: 0.000080 Sess: 0
98.0
{1: 981, 0: 979}

Epoch: [62 | 70] LR: 0.000080 Sess: 0
98.05
{1: 978, 0: 983}

Epoch: [63 | 70] LR: 0.000080 Sess: 0
97.94999999999999
{1: 978, 0: 981}

Epoch: [64 | 70] LR: 0.000080 Sess: 0
98.05
{1: 980, 0: 981}

Epoch: [65 | 70] LR: 0.000080 Sess: 0
98.05
{1: 983, 0: 978}

Epoch: [66 | 70] LR: 0.000080 Sess: 0
97.9
{1: 975, 0: 983}

Epoch: [67 | 70] LR: 0.000080 Sess: 0
97.94999999999999
{1: 978, 0: 981}

Epoch: [68 | 70] LR: 0.000080 Sess: 0
98.0
{1: 981, 0: 979}

Epoch: [69 | 70] LR: 0.000080 Sess: 0
98.0
{1: 989, 0: 971}

Epoch: [70 | 70] LR: 0.000080 Sess: 0
The PostScript backend does not support transparency; partially transparent artists will be rendered opaque.
98.05
{1: 979, 0: 982}
Best acc:
98.1
2000
Training meta tasks:	 0
98.05
{0: 982, 1: 979}
1
[2, 2, 2, 2, 2]
{'min_class': 2, 'max_class': 4, 'task': 1, 'max_task': 5, 'n_train_data': 12000, 'n_test_data': 4000}
{0: 2000, 1: 2000}

Epoch: [1 | 70] LR: 0.010000 Sess: 1
94.45
8.0
{1: 966, 0: 923, 2: 123, 3: 37}

Epoch: [2 | 70] LR: 0.010000 Sess: 1
89.1
16.75
{1: 991, 0: 791, 3: 160, 2: 175}

Epoch: [3 | 70] LR: 0.010000 Sess: 1
95.3
15.3
{1: 966, 0: 940, 2: 174, 3: 132}

Epoch: [4 | 70] LR: 0.010000 Sess: 1
86.8
30.0
{1: 968, 0: 768, 3: 574, 2: 26}

Epoch: [5 | 70] LR: 0.010000 Sess: 1
83.65
24.95
{1: 995, 0: 678, 3: 348, 2: 151}

Epoch: [6 | 70] LR: 0.010000 Sess: 1
92.35
29.45
{1: 975, 0: 872, 3: 470, 2: 119}

Epoch: [7 | 70] LR: 0.010000 Sess: 1
88.85
36.35
{1: 988, 0: 789, 3: 526, 2: 201}

Epoch: [8 | 70] LR: 0.010000 Sess: 1
93.05
28.299999999999997
{1: 981, 0: 880, 3: 344, 2: 222}

Epoch: [9 | 70] LR: 0.010000 Sess: 1
91.1
40.15
{1: 981, 0: 841, 2: 321, 3: 482}

Epoch: [10 | 70] LR: 0.010000 Sess: 1
92.65
35.199999999999996
{1: 983, 0: 870, 3: 487, 2: 217}

Epoch: [11 | 70] LR: 0.010000 Sess: 1
92.15
42.8
{1: 962, 0: 881, 3: 719, 2: 137}

Epoch: [12 | 70] LR: 0.010000 Sess: 1
91.1
38.8
{1: 982, 0: 840, 2: 485, 3: 291}

Epoch: [13 | 70] LR: 0.010000 Sess: 1
93.30000000000001
25.1
{1: 932, 0: 934, 3: 237, 2: 265}

Epoch: [14 | 70] LR: 0.010000 Sess: 1
91.35000000000001
40.7
{1: 931, 0: 896, 3: 671, 2: 143}

Epoch: [15 | 70] LR: 0.010000 Sess: 1
91.6
53.25
{1: 975, 0: 857, 3: 781, 2: 284}

Epoch: [16 | 70] LR: 0.010000 Sess: 1
90.6
58.7
{1: 959, 0: 853, 3: 682, 2: 492}

Epoch: [17 | 70] LR: 0.010000 Sess: 1
91.95
30.6
{1: 965, 0: 874, 2: 394, 3: 218}

Epoch: [18 | 70] LR: 0.010000 Sess: 1
86.85
61.3
{1: 980, 0: 757, 3: 720, 2: 506}

Epoch: [19 | 70] LR: 0.010000 Sess: 1
84.8
63.400000000000006
{1: 966, 0: 730, 3: 612, 2: 656}

Epoch: [20 | 70] LR: 0.010000 Sess: 1
86.5
61.449999999999996
{1: 910, 0: 820, 3: 741, 2: 488}

Epoch: [21 | 70] LR: 0.002000 Sess: 1
84.1
69.45
{1: 974, 0: 708, 3: 738, 2: 651}

Epoch: [22 | 70] LR: 0.002000 Sess: 1
86.15
67.6
{1: 965, 0: 758, 3: 721, 2: 631}

Epoch: [23 | 70] LR: 0.002000 Sess: 1
85.15
68.94999999999999
{1: 970, 0: 733, 3: 736, 2: 643}

Epoch: [24 | 70] LR: 0.002000 Sess: 1
85.25
69.80000000000001
{1: 969, 0: 736, 3: 725, 2: 671}

Epoch: [25 | 70] LR: 0.002000 Sess: 1
84.65
70.5
{1: 966, 0: 727, 3: 743, 2: 667}

Epoch: [26 | 70] LR: 0.002000 Sess: 1
84.94999999999999
70.35000000000001
{1: 963, 0: 736, 3: 734, 2: 673}

Epoch: [27 | 70] LR: 0.002000 Sess: 1
84.55
70.9
{1: 967, 0: 724, 3: 742, 2: 676}

Epoch: [28 | 70] LR: 0.002000 Sess: 1
84.5
70.35
{1: 965, 0: 725, 3: 742, 2: 665}

Epoch: [29 | 70] LR: 0.002000 Sess: 1
84.55
71.0
{1: 964, 0: 727, 3: 739, 2: 681}

Epoch: [30 | 70] LR: 0.002000 Sess: 1
83.85
71.45
{1: 964, 0: 713, 3: 744, 2: 685}

Epoch: [31 | 70] LR: 0.002000 Sess: 1
85.19999999999999
70.7
{1: 959, 0: 745, 3: 736, 2: 678}

Epoch: [32 | 70] LR: 0.002000 Sess: 1
84.7
70.55
{1: 955, 0: 739, 3: 729, 2: 682}

Epoch: [33 | 70] LR: 0.002000 Sess: 1
83.89999999999999
71.75
{1: 964, 0: 714, 3: 756, 2: 679}

Epoch: [34 | 70] LR: 0.002000 Sess: 1
83.85
71.95
{1: 963, 0: 714, 3: 754, 2: 685}

Epoch: [35 | 70] LR: 0.002000 Sess: 1
83.6
72.4
{1: 962, 0: 710, 3: 741, 2: 707}

Epoch: [36 | 70] LR: 0.002000 Sess: 1
83.44999999999999
72.30000000000001
{1: 963, 0: 706, 3: 739, 2: 707}

Epoch: [37 | 70] LR: 0.002000 Sess: 1
83.25
72.44999999999999
{1: 964, 0: 701, 3: 761, 2: 688}

Epoch: [38 | 70] LR: 0.002000 Sess: 1
83.8
72.30000000000001
{1: 959, 0: 717, 3: 768, 2: 678}

Epoch: [39 | 70] LR: 0.002000 Sess: 1
82.1
73.25
{1: 968, 0: 674, 3: 747, 2: 718}

Epoch: [40 | 70] LR: 0.002000 Sess: 1
82.55
72.69999999999999
{1: 960, 0: 691, 3: 738, 2: 716}

Epoch: [41 | 70] LR: 0.000400 Sess: 1
82.55
73.25
{1: 963, 0: 688, 3: 760, 2: 705}

Epoch: [42 | 70] LR: 0.000400 Sess: 1
82.39999999999999
72.75
{1: 959, 0: 689, 3: 749, 2: 706}

Epoch: [43 | 70] LR: 0.000400 Sess: 1
82.44999999999999
72.9
{1: 961, 0: 688, 3: 737, 2: 721}

Epoch: [44 | 70] LR: 0.000400 Sess: 1
82.30000000000001
73.05000000000001
{1: 963, 0: 683, 3: 744, 2: 717}

Epoch: [45 | 70] LR: 0.000400 Sess: 1
82.25
73.3
{1: 966, 0: 679, 3: 756, 2: 710}

Epoch: [46 | 70] LR: 0.000400 Sess: 1
82.6
72.5
{1: 959, 0: 693, 3: 740, 2: 710}

Epoch: [47 | 70] LR: 0.000400 Sess: 1
82.89999999999999
72.4
{1: 956, 0: 702, 3: 759, 2: 689}

Epoch: [48 | 70] LR: 0.000400 Sess: 1
83.5
72.1
{1: 956, 0: 714, 3: 754, 2: 688}

Epoch: [49 | 70] LR: 0.000400 Sess: 1
82.1
73.55000000000001
{1: 963, 0: 679, 3: 759, 2: 712}

Epoch: [50 | 70] LR: 0.000400 Sess: 1
82.6
72.69999999999999
{1: 961, 0: 691, 3: 745, 2: 709}

Epoch: [51 | 70] LR: 0.000400 Sess: 1
82.54999999999998
72.6
{1: 959, 0: 692, 3: 745, 2: 707}

Epoch: [52 | 70] LR: 0.000400 Sess: 1
82.15
73.1
{1: 964, 0: 679, 3: 730, 2: 732}

Epoch: [53 | 70] LR: 0.000400 Sess: 1
82.9
72.25
{1: 958, 0: 700, 3: 732, 2: 713}

Epoch: [54 | 70] LR: 0.000400 Sess: 1
83.0
72.15
{1: 953, 0: 707, 3: 736, 2: 707}

Epoch: [55 | 70] LR: 0.000400 Sess: 1
82.3
73.05
{1: 959, 0: 687, 3: 746, 2: 715}

Epoch: [56 | 70] LR: 0.000400 Sess: 1
82.44999999999999
72.9
{1: 958, 0: 691, 3: 748, 2: 710}

Epoch: [57 | 70] LR: 0.000400 Sess: 1
82.44999999999999
72.80000000000001
{1: 958, 0: 691, 3: 744, 2: 712}

Epoch: [58 | 70] LR: 0.000400 Sess: 1
82.1
73.1
{1: 962, 0: 680, 3: 746, 2: 716}

Epoch: [59 | 70] LR: 0.000400 Sess: 1
82.6
72.75
{1: 956, 0: 696, 3: 759, 2: 696}

Epoch: [60 | 70] LR: 0.000400 Sess: 1
82.15
73.4
{1: 962, 0: 681, 3: 746, 2: 722}

Epoch: [61 | 70] LR: 0.000080 Sess: 1
82.6
72.9
{1: 956, 0: 696, 3: 746, 2: 712}

Epoch: [62 | 70] LR: 0.000080 Sess: 1
82.15
73.15
{1: 962, 0: 681, 3: 746, 2: 717}

Epoch: [63 | 70] LR: 0.000080 Sess: 1
82.5
73.30000000000001
{1: 959, 0: 691, 3: 744, 2: 722}

Epoch: [64 | 70] LR: 0.000080 Sess: 1
82.44999999999999
73.25
{1: 960, 0: 689, 3: 757, 2: 708}

Epoch: [65 | 70] LR: 0.000080 Sess: 1
82.3
73.15
{1: 958, 0: 688, 3: 738, 2: 725}

Epoch: [66 | 70] LR: 0.000080 Sess: 1
82.3
72.85
{1: 959, 0: 687, 3: 745, 2: 712}

Epoch: [67 | 70] LR: 0.000080 Sess: 1
82.6
72.94999999999999
{1: 958, 0: 694, 3: 753, 2: 706}

Epoch: [68 | 70] LR: 0.000080 Sess: 1
82.0
73.65
{1: 963, 0: 677, 3: 752, 2: 721}

Epoch: [69 | 70] LR: 0.000080 Sess: 1
81.95
73.3
{1: 956, 0: 683, 3: 733, 2: 733}

Epoch: [70 | 70] LR: 0.000080 Sess: 1
The PostScript backend does not support transparency; partially transparent artists will be rendered opaque.
82.5
73.5
{1: 962, 0: 688, 3: 749, 2: 721}
Best acc:
78.05
2000
Training meta tasks:	 0
Training meta tasks:	 1
97.69999999999999
88.9
{0: 973, 1: 981, 2: 928, 3: 850}
2
[2, 2, 2, 2, 2]
{'min_class': 4, 'max_class': 6, 'task': 2, 'max_task': 5, 'n_train_data': 12250, 'n_test_data': 6000}
{0: 2000, 1: 2000, 2: 2000}

Epoch: [1 | 70] LR: 0.010000 Sess: 2
68.85
70.85
0.35
{1: 965, 0: 412, 3: 656, 2: 761, 5: 5, 4: 2}

Epoch: [2 | 70] LR: 0.010000 Sess: 2
66.3
59.9
2.4000000000000004
{1: 944, 0: 382, 3: 605, 2: 593, 5: 21, 4: 27}

Epoch: [3 | 70] LR: 0.010000 Sess: 2
74.75
55.0
4.25
{1: 986, 0: 509, 3: 467, 2: 633, 4: 55, 5: 30}

Epoch: [4 | 70] LR: 0.010000 Sess: 2
84.55
54.2
5.4
{1: 964, 0: 727, 2: 642, 3: 442, 5: 75, 4: 33}

Epoch: [5 | 70] LR: 0.010000 Sess: 2
88.54999999999998
54.7
4.4
{1: 954, 0: 817, 3: 634, 2: 460, 4: 38, 5: 50}

Epoch: [6 | 70] LR: 0.010000 Sess: 2
88.75
42.2
7.799999999999999
{1: 959, 0: 816, 3: 380, 2: 464, 4: 118, 5: 38}

Epoch: [7 | 70] LR: 0.010000 Sess: 2
92.6
33.0
7.200000000000001
{1: 938, 0: 914, 3: 371, 2: 289, 4: 62, 5: 82}

Epoch: [8 | 70] LR: 0.010000 Sess: 2
85.9
45.55
7.15
{1: 969, 0: 749, 3: 369, 2: 542, 5: 80, 4: 63}

Epoch: [9 | 70] LR: 0.010000 Sess: 2
90.6
44.2
8.95
{1: 955, 0: 857, 2: 419, 3: 465, 4: 73, 5: 106}

Epoch: [10 | 70] LR: 0.010000 Sess: 2
86.05
56.349999999999994
11.900000000000002
{1: 976, 0: 745, 3: 607, 2: 520, 4: 169, 5: 69}

Epoch: [11 | 70] LR: 0.010000 Sess: 2
47.650000000000006
49.65
3.35
{1: 739, 0: 214, 2: 954, 3: 39, 5: 63, 4: 4}

Epoch: [12 | 70] LR: 0.010000 Sess: 2
91.94999999999999
27.3
12.35
{1: 973, 0: 866, 3: 341, 2: 205, 5: 147, 4: 100}

Epoch: [13 | 70] LR: 0.010000 Sess: 2
85.15
51.099999999999994
14.8
{1: 983, 0: 720, 3: 424, 2: 598, 4: 212, 5: 84}

Epoch: [14 | 70] LR: 0.010000 Sess: 2
82.80000000000001
55.849999999999994
17.4
{1: 985, 0: 671, 3: 596, 2: 521, 4: 246, 5: 102}

Epoch: [15 | 70] LR: 0.010000 Sess: 2
87.6
55.15
18.05
{1: 976, 0: 776, 3: 577, 2: 526, 4: 199, 5: 162}

Epoch: [16 | 70] LR: 0.010000 Sess: 2
85.3
55.0
30.6
{1: 975, 0: 731, 3: 637, 2: 463, 4: 458, 5: 154}

Epoch: [17 | 70] LR: 0.010000 Sess: 2
68.35
62.10000000000001
25.45
{1: 905, 0: 462, 3: 556, 2: 686, 4: 224, 5: 285}

Epoch: [18 | 70] LR: 0.010000 Sess: 2
83.44999999999999
35.2
17.3
{1: 788, 0: 881, 2: 545, 3: 159, 5: 261, 4: 85}

Epoch: [19 | 70] LR: 0.010000 Sess: 2
61.300000000000004
46.9
9.2
{1: 887, 0: 339, 2: 898, 3: 40, 4: 138, 5: 46}

Epoch: [20 | 70] LR: 0.010000 Sess: 2
88.75
47.5
29.15
{1: 957, 0: 818, 2: 419, 3: 531, 4: 281, 5: 302}

Epoch: [21 | 70] LR: 0.002000 Sess: 2
87.4
48.400000000000006
32.65
{1: 963, 0: 785, 2: 447, 3: 521, 4: 424, 5: 229}

Epoch: [22 | 70] LR: 0.002000 Sess: 2
86.55000000000001
49.05
36.9
{1: 962, 0: 769, 2: 408, 3: 573, 4: 508, 5: 230}

Epoch: [23 | 70] LR: 0.002000 Sess: 2
85.6
49.0
42.25
{1: 957, 0: 755, 2: 459, 3: 521, 4: 566, 5: 279}

Epoch: [24 | 70] LR: 0.002000 Sess: 2
84.05
48.900000000000006
44.95
{1: 961, 0: 720, 2: 450, 3: 528, 4: 595, 5: 304}

Epoch: [25 | 70] LR: 0.002000 Sess: 2
84.65
48.25
47.25
{1: 951, 0: 742, 2: 419, 3: 546, 4: 586, 5: 359}

Epoch: [26 | 70] LR: 0.002000 Sess: 2
82.4
47.7
50.8
{1: 943, 0: 705, 2: 441, 3: 513, 4: 634, 5: 382}

Epoch: [27 | 70] LR: 0.002000 Sess: 2
83.1
47.0
54.39999999999999
{1: 947, 0: 715, 2: 449, 3: 491, 4: 612, 5: 476}

Epoch: [28 | 70] LR: 0.002000 Sess: 2
82.5
46.599999999999994
54.35
{1: 943, 0: 707, 2: 434, 3: 498, 4: 634, 5: 453}

Epoch: [29 | 70] LR: 0.002000 Sess: 2
80.19999999999999
47.7
56.0
{1: 951, 0: 653, 2: 421, 3: 533, 4: 681, 5: 439}

Epoch: [30 | 70] LR: 0.002000 Sess: 2
80.55
48.1
55.050000000000004
{1: 943, 0: 668, 2: 399, 3: 563, 4: 673, 5: 428}

Epoch: [31 | 70] LR: 0.002000 Sess: 2
80.85
46.4
59.00000000000001
{1: 943, 0: 674, 2: 418, 3: 510, 4: 651, 5: 529}

Epoch: [32 | 70] LR: 0.002000 Sess: 2
79.65
47.55
57.8
{1: 942, 0: 651, 2: 449, 3: 502, 4: 724, 5: 432}

Epoch: [33 | 70] LR: 0.002000 Sess: 2
80.7
46.95
57.45
{1: 937, 0: 677, 2: 425, 3: 514, 4: 696, 5: 453}

Epoch: [34 | 70] LR: 0.002000 Sess: 2
80.15
47.5
58.99999999999999
{1: 931, 0: 672, 2: 442, 3: 508, 4: 702, 5: 478}

Epoch: [35 | 70] LR: 0.002000 Sess: 2
76.89999999999999
48.199999999999996
58.3
{1: 942, 0: 596, 2: 471, 3: 493, 4: 749, 5: 417}

Epoch: [36 | 70] LR: 0.002000 Sess: 2
80.55000000000001
45.5
61.85
{1: 936, 0: 675, 2: 422, 3: 488, 5: 547, 4: 690}

Epoch: [37 | 70] LR: 0.002000 Sess: 2
80.0
45.849999999999994
60.099999999999994
{1: 942, 0: 658, 2: 446, 3: 471, 5: 568, 4: 634}

Epoch: [38 | 70] LR: 0.002000 Sess: 2
74.85
46.0
63.599999999999994
{1: 935, 0: 562, 2: 435, 3: 485, 5: 484, 4: 788}

Epoch: [39 | 70] LR: 0.002000 Sess: 2
78.4
48.5
56.699999999999996
{1: 941, 0: 627, 2: 407, 3: 563, 4: 701, 5: 433}

Epoch: [40 | 70] LR: 0.002000 Sess: 2
86.35
41.2
54.599999999999994
{1: 940, 0: 787, 3: 490, 2: 334, 4: 608, 5: 484}

Epoch: [41 | 70] LR: 0.000400 Sess: 2
84.45
41.4
57.05
{1: 936, 0: 753, 3: 470, 2: 358, 4: 660, 5: 481}

Epoch: [42 | 70] LR: 0.000400 Sess: 2
84.5
40.95
57.5
{1: 933, 0: 757, 3: 478, 2: 341, 4: 674, 5: 476}

Epoch: [43 | 70] LR: 0.000400 Sess: 2
84.85
40.150000000000006
58.35
{1: 927, 0: 770, 3: 453, 2: 350, 4: 667, 5: 500}

Epoch: [44 | 70] LR: 0.000400 Sess: 2
84.5
40.6
57.8
{1: 932, 0: 758, 3: 479, 2: 333, 4: 662, 5: 494}

Epoch: [45 | 70] LR: 0.000400 Sess: 2
84.5
40.55
59.300000000000004
{1: 931, 0: 759, 3: 470, 2: 341, 4: 666, 5: 520}

Epoch: [46 | 70] LR: 0.000400 Sess: 2
83.55
42.4
57.849999999999994
{1: 938, 0: 733, 3: 465, 2: 383, 4: 648, 5: 509}

Epoch: [47 | 70] LR: 0.000400 Sess: 2
84.5
41.3
59.0
{1: 939, 0: 751, 3: 482, 2: 344, 5: 533, 4: 647}

Epoch: [48 | 70] LR: 0.000400 Sess: 2
83.35
40.8
59.75
{1: 921, 0: 746, 3: 470, 2: 346, 5: 519, 4: 676}

Epoch: [49 | 70] LR: 0.000400 Sess: 2
83.75
40.8
60.550000000000004
{1: 927, 0: 748, 3: 441, 2: 375, 5: 561, 4: 650}

Epoch: [50 | 70] LR: 0.000400 Sess: 2
82.25
40.7
62.05
{1: 927, 0: 718, 3: 464, 2: 350, 5: 523, 4: 718}

Epoch: [51 | 70] LR: 0.000400 Sess: 2
82.05
41.25
60.599999999999994
{1: 920, 0: 721, 3: 491, 2: 334, 5: 508, 4: 704}

Epoch: [52 | 70] LR: 0.000400 Sess: 2
83.55000000000001
39.650000000000006
60.050000000000004
{1: 912, 0: 759, 3: 457, 2: 336, 5: 527, 4: 674}

Epoch: [53 | 70] LR: 0.000400 Sess: 2
81.80000000000001
41.5
61.3
{1: 923, 0: 713, 3: 480, 2: 350, 5: 528, 4: 698}

Epoch: [54 | 70] LR: 0.000400 Sess: 2
81.9
40.65
61.85000000000001
{1: 918, 0: 720, 3: 472, 2: 341, 5: 559, 4: 678}

Epoch: [55 | 70] LR: 0.000400 Sess: 2
81.30000000000001
40.75
62.25
{1: 921, 0: 705, 3: 464, 2: 351, 5: 532, 4: 713}

Epoch: [56 | 70] LR: 0.000400 Sess: 2
81.5
41.75
61.25
{1: 918, 0: 712, 3: 476, 2: 359, 5: 530, 4: 695}

Epoch: [57 | 70] LR: 0.000400 Sess: 2
81.30000000000001
41.55
62.65
{1: 923, 0: 703, 3: 476, 2: 355, 5: 576, 4: 677}

Epoch: [58 | 70] LR: 0.000400 Sess: 2
80.45
41.25
63.25
{1: 924, 0: 685, 3: 464, 2: 361, 5: 544, 4: 721}

Epoch: [59 | 70] LR: 0.000400 Sess: 2
80.55
41.150000000000006
62.25
{1: 913, 0: 698, 3: 435, 2: 388, 5: 542, 4: 703}

Epoch: [60 | 70] LR: 0.000400 Sess: 2
80.9
41.25
63.8
{1: 922, 0: 696, 3: 455, 2: 370, 5: 567, 4: 709}

Epoch: [61 | 70] LR: 0.000080 Sess: 2
80.4
41.3
63.599999999999994
{1: 919, 0: 689, 3: 459, 2: 367, 5: 569, 4: 703}

Epoch: [62 | 70] LR: 0.000080 Sess: 2
80.44999999999999
41.35
63.25
{1: 917, 0: 692, 3: 462, 2: 365, 5: 567, 4: 698}

Epoch: [63 | 70] LR: 0.000080 Sess: 2
80.15
41.85
63.0
{1: 927, 0: 676, 3: 467, 2: 370, 5: 554, 4: 706}

Epoch: [64 | 70] LR: 0.000080 Sess: 2
80.4
42.05
62.55
{1: 924, 0: 684, 3: 498, 2: 343, 5: 548, 4: 703}

Epoch: [65 | 70] LR: 0.000080 Sess: 2
80.70000000000002
42.400000000000006
62.05000000000001
{1: 928, 0: 686, 3: 492, 2: 356, 5: 560, 4: 681}

Epoch: [66 | 70] LR: 0.000080 Sess: 2
79.0
41.099999999999994
64.75
{1: 920, 0: 660, 3: 444, 2: 378, 5: 557, 4: 738}

Epoch: [67 | 70] LR: 0.000080 Sess: 2
80.05000000000001
42.05
63.7
{1: 911, 0: 690, 3: 444, 2: 397, 5: 591, 4: 683}

Epoch: [68 | 70] LR: 0.000080 Sess: 2
79.85
40.95
63.45
{1: 915, 0: 682, 3: 470, 2: 349, 5: 551, 4: 718}

Epoch: [69 | 70] LR: 0.000080 Sess: 2
79.65
41.8
62.949999999999996
{1: 915, 0: 678, 3: 476, 2: 360, 5: 564, 4: 695}

Epoch: [70 | 70] LR: 0.000080 Sess: 2
The PostScript backend does not support transparency; partially transparent artists will be rendered opaque.
79.15
42.65
63.85
{1: 926, 0: 657, 3: 443, 2: 410, 5: 562, 4: 715}
Best acc:
62.63333333333333
1998
Training meta tasks:	 0
Training meta tasks:	 1
Training meta tasks:	 2
97.3
87.69999999999999
92.4
{0: 976, 1: 970, 2: 876, 3: 878, 4: 945, 5: 903}
3
[2, 2, 2, 2, 2]
{'min_class': 6, 'max_class': 8, 'task': 3, 'max_task': 5, 'n_train_data': 11998, 'n_test_data': 8000}
{0: 2000, 1: 2000, 2: 2000, 3: 2000}

Epoch: [1 | 70] LR: 0.010000 Sess: 3
84.5
36.35
53.15
0.3
{1: 883, 0: 807, 3: 448, 2: 279, 5: 602, 4: 461, 7: 5, 6: 1}

Epoch: [2 | 70] LR: 0.010000 Sess: 3
78.65
44.0
46.900000000000006
1.25
{1: 914, 0: 659, 3: 346, 2: 534, 5: 392, 4: 546, 6: 9, 7: 16}

Epoch: [3 | 70] LR: 0.010000 Sess: 3
76.6
42.3
57.14999999999999
8.55
{1: 937, 0: 595, 3: 454, 2: 392, 5: 569, 4: 574, 7: 140, 6: 31}

Epoch: [4 | 70] LR: 0.010000 Sess: 3
80.94999999999999
40.099999999999994
50.0
13.5
{1: 956, 0: 663, 3: 570, 2: 232, 4: 549, 5: 451, 7: 236, 6: 34}

Epoch: [5 | 70] LR: 0.010000 Sess: 3
78.4
51.15
30.050000000000004
12.15
{1: 872, 0: 696, 3: 566, 2: 457, 5: 393, 4: 208, 6: 190, 7: 53}

Epoch: [6 | 70] LR: 0.010000 Sess: 3
81.30000000000001
36.8
46.0
29.299999999999997
{1: 869, 0: 757, 2: 400, 3: 336, 5: 640, 4: 280, 7: 252, 6: 334}

Epoch: [7 | 70] LR: 0.010000 Sess: 3
84.75
42.5
43.150000000000006
31.9
{1: 910, 0: 785, 3: 511, 2: 339, 5: 518, 4: 345, 7: 313, 6: 325}

Epoch: [8 | 70] LR: 0.010000 Sess: 3
73.35
44.1
42.550000000000004
33.8
{1: 954, 0: 513, 2: 546, 3: 336, 5: 682, 4: 169, 7: 385, 6: 291}

Epoch: [9 | 70] LR: 0.010000 Sess: 3
73.65
40.75
42.5
31.849999999999998
{1: 695, 0: 778, 2: 492, 3: 323, 5: 493, 4: 357, 7: 210, 6: 427}

Epoch: [10 | 70] LR: 0.010000 Sess: 3
80.44999999999999
42.4
46.300000000000004
25.6
{1: 961, 0: 648, 3: 435, 2: 413, 5: 388, 4: 538, 6: 246, 7: 266}

Epoch: [11 | 70] LR: 0.010000 Sess: 3
82.05
39.6
48.2
34.2
{1: 876, 0: 765, 3: 534, 2: 258, 4: 604, 5: 360, 7: 369, 6: 315}

Epoch: [12 | 70] LR: 0.010000 Sess: 3
69.0
43.1
47.9
37.7
{1: 916, 0: 464, 3: 432, 2: 430, 4: 628, 5: 330, 7: 527, 6: 227}

Epoch: [13 | 70] LR: 0.010000 Sess: 3
79.35
36.300000000000004
51.85
50.95
{1: 822, 0: 765, 3: 404, 2: 322, 5: 539, 4: 498, 7: 482, 6: 537}

Epoch: [14 | 70] LR: 0.010000 Sess: 3
78.15
46.39999999999999
43.7
51.65
{1: 917, 0: 646, 2: 359, 3: 569, 5: 472, 4: 402, 7: 596, 6: 437}

Epoch: [15 | 70] LR: 0.010000 Sess: 3
75.1
44.35
51.45
57.900000000000006
{1: 876, 0: 626, 3: 381, 2: 506, 4: 589, 5: 440, 7: 615, 6: 543}

Epoch: [16 | 70] LR: 0.010000 Sess: 3
78.5
42.1
49.75
61.3
{1: 911, 0: 659, 2: 396, 3: 446, 5: 448, 4: 547, 7: 575, 6: 651}

Epoch: [17 | 70] LR: 0.010000 Sess: 3
80.1
39.5
46.349999999999994
65.10000000000001
{1: 897, 0: 705, 3: 430, 2: 360, 5: 567, 4: 360, 7: 619, 6: 683}

Epoch: [18 | 70] LR: 0.010000 Sess: 3
78.45
39.4
45.8
69.55
{1: 864, 0: 705, 3: 486, 2: 302, 5: 457, 4: 459, 7: 625, 6: 766}

Epoch: [19 | 70] LR: 0.010000 Sess: 3
45.75
36.8
34.9
52.0
{1: 810, 0: 105, 2: 711, 3: 25, 4: 494, 5: 204, 7: 261, 6: 779}

Epoch: [20 | 70] LR: 0.010000 Sess: 3
75.7
26.25
45.8
65.89999999999999
{1: 803, 0: 711, 3: 275, 2: 250, 5: 688, 4: 228, 7: 575, 6: 743}

Epoch: [21 | 70] LR: 0.002000 Sess: 3
78.6
33.75
51.7
64.9
{1: 826, 0: 746, 3: 511, 2: 164, 5: 531, 4: 503, 7: 553, 6: 745}

Epoch: [22 | 70] LR: 0.002000 Sess: 3
77.69999999999999
35.5
53.3
67.0
{1: 849, 0: 705, 3: 498, 2: 212, 5: 577, 4: 489, 7: 575, 6: 765}

Epoch: [23 | 70] LR: 0.002000 Sess: 3
78.3
36.1
54.55
68.0
{1: 857, 0: 709, 3: 506, 2: 216, 5: 569, 4: 522, 7: 582, 6: 778}

Epoch: [24 | 70] LR: 0.002000 Sess: 3
77.65
36.15
55.050000000000004
68.75
{1: 855, 0: 698, 3: 489, 2: 234, 5: 554, 4: 547, 7: 621, 6: 754}

Epoch: [25 | 70] LR: 0.002000 Sess: 3
78.15
36.9
54.15
70.5
{1: 853, 0: 710, 3: 496, 2: 242, 5: 578, 4: 505, 7: 629, 6: 781}

Epoch: [26 | 70] LR: 0.002000 Sess: 3
78.3
37.400000000000006
53.650000000000006
72.0
{1: 849, 0: 717, 3: 502, 2: 246, 5: 552, 4: 521, 7: 631, 6: 809}

Epoch: [27 | 70] LR: 0.002000 Sess: 3
76.14999999999999
37.400000000000006
53.400000000000006
72.4
{1: 822, 0: 701, 3: 492, 2: 256, 5: 523, 4: 545, 7: 647, 6: 801}

Epoch: [28 | 70] LR: 0.002000 Sess: 3
76.5
36.85
49.55
72.3
{1: 801, 0: 729, 3: 532, 2: 205, 5: 563, 4: 428, 7: 627, 6: 819}

Epoch: [29 | 70] LR: 0.002000 Sess: 3
76.35
35.949999999999996
46.95
73.65
{1: 808, 0: 719, 3: 471, 2: 248, 5: 600, 4: 339, 7: 675, 6: 798}

Epoch: [30 | 70] LR: 0.002000 Sess: 3
74.8
37.65
51.45
75.5
{1: 833, 0: 663, 3: 490, 2: 263, 5: 496, 4: 533, 7: 683, 6: 827}

Epoch: [31 | 70] LR: 0.002000 Sess: 3
74.0
38.05
52.8
76.69999999999999
{1: 833, 0: 647, 3: 465, 2: 296, 5: 547, 4: 509, 7: 699, 6: 835}

Epoch: [32 | 70] LR: 0.002000 Sess: 3
75.19999999999999
38.2
51.6
76.85
{1: 819, 0: 685, 3: 499, 2: 265, 5: 520, 4: 512, 7: 705, 6: 832}

Epoch: [33 | 70] LR: 0.002000 Sess: 3
74.85
36.9
52.099999999999994
77.55
{1: 817, 0: 680, 3: 453, 2: 285, 5: 577, 4: 465, 7: 713, 6: 838}

Epoch: [34 | 70] LR: 0.002000 Sess: 3
73.05000000000001
36.4
51.400000000000006
77.44999999999999
{1: 790, 0: 671, 3: 480, 2: 248, 5: 547, 4: 481, 7: 698, 6: 851}

Epoch: [35 | 70] LR: 0.002000 Sess: 3
73.0
36.9
51.8
78.3
{1: 801, 0: 659, 3: 475, 2: 263, 5: 553, 4: 483, 7: 718, 6: 848}

Epoch: [36 | 70] LR: 0.002000 Sess: 3
71.69999999999999
33.7
48.400000000000006
76.6
{1: 689, 0: 745, 3: 442, 2: 232, 5: 555, 4: 413, 7: 725, 6: 807}

Epoch: [37 | 70] LR: 0.002000 Sess: 3
73.65
35.65
46.349999999999994
78.1
{1: 744, 0: 729, 3: 500, 2: 213, 5: 571, 4: 356, 7: 730, 6: 832}

Epoch: [38 | 70] LR: 0.002000 Sess: 3
73.55000000000001
36.9
49.800000000000004
78.65
{1: 804, 0: 667, 3: 510, 2: 228, 5: 545, 4: 451, 7: 755, 6: 818}

Epoch: [39 | 70] LR: 0.002000 Sess: 3
73.7
36.75
49.650000000000006
79.4
{1: 784, 0: 690, 3: 484, 2: 251, 5: 536, 4: 457, 7: 751, 6: 837}

Epoch: [40 | 70] LR: 0.002000 Sess: 3
72.45
37.4
49.7
80.15
{1: 793, 0: 656, 3: 473, 2: 275, 5: 543, 4: 451, 7: 757, 6: 846}

Epoch: [41 | 70] LR: 0.000400 Sess: 3
71.55000000000001
36.45
51.3
80.35
{1: 789, 0: 642, 3: 473, 2: 256, 5: 535, 4: 491, 7: 754, 6: 853}

Epoch: [42 | 70] LR: 0.000400 Sess: 3
71.80000000000001
37.7
47.949999999999996
80.44999999999999
{1: 791, 0: 645, 3: 488, 2: 266, 5: 488, 4: 471, 7: 751, 6: 858}

Epoch: [43 | 70] LR: 0.000400 Sess: 3
72.45000000000002
38.0
47.75
80.0
{1: 798, 0: 651, 3: 501, 2: 259, 5: 496, 4: 459, 7: 777, 6: 823}

Epoch: [44 | 70] LR: 0.000400 Sess: 3
72.4
37.75
48.95
81.1
{1: 793, 0: 655, 3: 467, 2: 288, 5: 524, 4: 455, 7: 770, 6: 852}

Epoch: [45 | 70] LR: 0.000400 Sess: 3
71.85
38.95
48.05
80.5
{1: 797, 0: 640, 3: 513, 2: 266, 5: 488, 4: 473, 7: 764, 6: 846}

Epoch: [46 | 70] LR: 0.000400 Sess: 3
73.10000000000001
36.650000000000006
48.5
80.7
{1: 784, 0: 678, 3: 464, 2: 269, 5: 524, 4: 446, 7: 767, 6: 847}

Epoch: [47 | 70] LR: 0.000400 Sess: 3
72.65
37.35
47.55
80.9
{1: 786, 0: 667, 3: 491, 2: 256, 5: 503, 4: 448, 7: 752, 6: 866}

Epoch: [48 | 70] LR: 0.000400 Sess: 3
71.55
36.849999999999994
47.85
80.9
{1: 773, 0: 658, 3: 439, 2: 298, 5: 541, 4: 416, 7: 759, 6: 859}

Epoch: [49 | 70] LR: 0.000400 Sess: 3
71.0
37.8
49.050000000000004
81.5
{1: 789, 0: 631, 3: 451, 2: 305, 5: 549, 4: 432, 7: 778, 6: 852}

Epoch: [50 | 70] LR: 0.000400 Sess: 3
72.4
37.099999999999994
50.0
81.05
{1: 798, 0: 650, 3: 477, 2: 265, 5: 529, 4: 471, 7: 773, 6: 848}

Epoch: [51 | 70] LR: 0.000400 Sess: 3
72.2
37.4
48.599999999999994
81.0
{1: 784, 0: 660, 3: 483, 2: 265, 5: 571, 4: 401, 7: 771, 6: 849}

Epoch: [52 | 70] LR: 0.000400 Sess: 3
71.2
37.8
47.39999999999999
81.19999999999999
{1: 791, 0: 633, 3: 482, 2: 274, 5: 586, 4: 362, 7: 758, 6: 866}

Epoch: [53 | 70] LR: 0.000400 Sess: 3
71.5
37.599999999999994
49.05
81.3
{1: 796, 0: 634, 3: 470, 2: 282, 5: 570, 4: 411, 7: 751, 6: 875}

Epoch: [54 | 70] LR: 0.000400 Sess: 3
71.10000000000001
38.5
50.25
81.9
{1: 808, 0: 614, 3: 470, 2: 300, 5: 531, 4: 474, 7: 773, 6: 865}

Epoch: [55 | 70] LR: 0.000400 Sess: 3
70.7
38.2
50.65
81.95
{1: 792, 0: 622, 3: 469, 2: 295, 5: 531, 4: 482, 7: 777, 6: 862}

Epoch: [56 | 70] LR: 0.000400 Sess: 3
71.55000000000001
37.95
47.75
81.95
{1: 803, 0: 628, 3: 456, 2: 303, 5: 559, 4: 396, 7: 798, 6: 841}

Epoch: [57 | 70] LR: 0.000400 Sess: 3
71.5
38.300000000000004
46.800000000000004
81.55
{1: 794, 0: 636, 3: 507, 2: 259, 5: 549, 4: 387, 7: 782, 6: 849}

Epoch: [58 | 70] LR: 0.000400 Sess: 3
71.80000000000001
37.2
46.75
82.25
{1: 774, 0: 662, 3: 464, 2: 280, 5: 570, 4: 365, 7: 787, 6: 858}

Epoch: [59 | 70] LR: 0.000400 Sess: 3
70.65
38.15
48.45
82.05
{1: 770, 0: 643, 3: 480, 2: 283, 5: 516, 4: 453, 7: 788, 6: 853}

Epoch: [60 | 70] LR: 0.000400 Sess: 3
70.69999999999999
37.75
48.05
81.80000000000001
{1: 756, 0: 658, 3: 497, 2: 258, 5: 550, 4: 411, 7: 759, 6: 877}

Epoch: [61 | 70] LR: 0.000080 Sess: 3
70.75
36.75
47.60000000000001
81.80000000000001
{1: 745, 0: 670, 3: 440, 2: 295, 5: 555, 4: 397, 7: 779, 6: 857}

Epoch: [62 | 70] LR: 0.000080 Sess: 3
70.6
37.9
46.5
81.94999999999999
{1: 767, 0: 645, 3: 479, 2: 279, 5: 568, 4: 362, 7: 790, 6: 849}

Epoch: [63 | 70] LR: 0.000080 Sess: 3
70.44999999999999
36.1
47.0
82.2
{1: 746, 0: 663, 3: 445, 2: 277, 5: 563, 4: 377, 7: 774, 6: 870}

Epoch: [64 | 70] LR: 0.000080 Sess: 3
70.45
38.05
46.7
82.1
{1: 763, 0: 646, 3: 473, 2: 288, 5: 555, 4: 379, 7: 790, 6: 852}

Epoch: [65 | 70] LR: 0.000080 Sess: 3
70.30000000000001
36.7
46.9
82.4
{1: 762, 0: 644, 3: 425, 2: 309, 5: 590, 4: 348, 7: 788, 6: 860}

Epoch: [66 | 70] LR: 0.000080 Sess: 3
70.35000000000001
37.199999999999996
48.0
82.2
{1: 771, 0: 636, 3: 443, 2: 301, 5: 571, 4: 389, 7: 780, 6: 864}

Epoch: [67 | 70] LR: 0.000080 Sess: 3
71.05000000000001
36.25
46.5
82.25
{1: 749, 0: 672, 3: 444, 2: 281, 5: 557, 4: 373, 7: 780, 6: 865}

Epoch: [68 | 70] LR: 0.000080 Sess: 3
70.95
36.95
46.60000000000001
82.1
{1: 749, 0: 670, 3: 452, 2: 287, 5: 544, 4: 388, 7: 782, 6: 860}

Epoch: [69 | 70] LR: 0.000080 Sess: 3
70.1
37.3
46.95
82.45
{1: 768, 0: 634, 3: 438, 2: 308, 5: 562, 4: 377, 7: 797, 6: 852}

Epoch: [70 | 70] LR: 0.000080 Sess: 3
The PostScript backend does not support transparency; partially transparent artists will be rendered opaque.
70.9
37.05
46.0
82.6
{1: 759, 0: 659, 3: 439, 2: 302, 5: 554, 4: 366, 7: 792, 6: 860}
Best acc:
60.4625
2000
Training meta tasks:	 0
Training meta tasks:	 1
Training meta tasks:	 2
Training meta tasks:	 3
97.5
86.1
92.8
97.15
{0: 970, 1: 980, 2: 876, 3: 846, 4: 939, 5: 917, 6: 963, 7: 980}
4
[2, 2, 2, 2, 2]
{'min_class': 8, 'max_class': 10, 'task': 4, 'max_task': 5, 'n_train_data': 12000, 'n_test_data': 10000}
{0: 2000, 1: 2000, 2: 2000, 3: 2000, 4: 2000}

Epoch: [1 | 70] LR: 0.010000 Sess: 4
76.5
32.599999999999994
43.25
76.69999999999999
0
{1: 770, 0: 760, 3: 358, 2: 294, 5: 508, 4: 357, 7: 719, 6: 815}

Epoch: [2 | 70] LR: 0.010000 Sess: 4
77.2
27.2
45.25
72.05
0
{1: 772, 0: 772, 2: 385, 3: 159, 5: 667, 4: 238, 6: 864, 7: 577}

Epoch: [3 | 70] LR: 0.010000 Sess: 4
69.2
30.4
46.45
74.2
0.05
{1: 700, 0: 684, 3: 486, 2: 122, 5: 597, 4: 332, 7: 666, 6: 818, 8: 1}

Epoch: [4 | 70] LR: 0.010000 Sess: 4
55.75
33.05
45.5
65.15
0.35
{1: 836, 0: 279, 2: 424, 3: 237, 4: 524, 5: 386, 6: 713, 7: 590, 8: 5, 9: 2}

Epoch: [5 | 70] LR: 0.010000 Sess: 4
62.650000000000006
26.349999999999998
37.4
47.49999999999999
1.1
{1: 550, 0: 703, 3: 383, 2: 144, 5: 424, 4: 324, 6: 839, 7: 111, 9: 21, 8: 1}

Epoch: [6 | 70] LR: 0.010000 Sess: 4
77.25
35.9
50.55
53.6
3.0999999999999996
{1: 821, 0: 724, 3: 425, 2: 293, 5: 493, 4: 518, 6: 812, 7: 260, 9: 19, 8: 43}

Epoch: [7 | 70] LR: 0.010000 Sess: 4
69.15
38.0
53.60000000000001
54.55
6.0
{1: 828, 0: 555, 2: 408, 3: 352, 5: 426, 4: 646, 7: 385, 6: 706, 8: 92, 9: 28}

Epoch: [8 | 70] LR: 0.010000 Sess: 4
71.05
36.45
41.7
55.65
7.6
{1: 721, 0: 700, 3: 523, 2: 206, 5: 559, 4: 275, 7: 631, 6: 482, 9: 23, 8: 129}

Epoch: [9 | 70] LR: 0.010000 Sess: 4
73.4
37.25
37.8
60.05
13.55
{1: 764, 0: 704, 3: 486, 2: 259, 5: 645, 4: 111, 7: 609, 6: 592, 8: 192, 9: 79}

Epoch: [10 | 70] LR: 0.010000 Sess: 4
75.0
42.35
45.55
62.95
20.2
{1: 837, 0: 663, 3: 574, 2: 273, 5: 494, 4: 417, 7: 548, 6: 711, 9: 217, 8: 187}

Epoch: [11 | 70] LR: 0.010000 Sess: 4
61.8
35.95
32.55
40.95
11.1
{1: 402, 0: 834, 3: 547, 2: 172, 5: 346, 4: 305, 6: 515, 7: 304, 9: 149, 8: 73}

Epoch: [12 | 70] LR: 0.010000 Sess: 4
78.4
30.65
42.65
57.1
21.950000000000003
{1: 781, 0: 787, 3: 373, 2: 240, 5: 494, 4: 359, 6: 770, 7: 372, 9: 180, 8: 259}

Epoch: [13 | 70] LR: 0.010000 Sess: 4
76.55
33.75
47.9
65.75
26.799999999999997
{1: 783, 0: 748, 3: 387, 2: 288, 5: 568, 4: 390, 7: 580, 6: 735, 9: 174, 8: 362}

Epoch: [14 | 70] LR: 0.010000 Sess: 4
75.75
34.25
47.75
64.80000000000001
29.9
{1: 757, 0: 758, 3: 446, 2: 239, 5: 489, 4: 466, 7: 539, 6: 757, 9: 293, 8: 305}

Epoch: [15 | 70] LR: 0.010000 Sess: 4
74.4
31.450000000000003
48.35
64.35
40.4
{1: 737, 0: 751, 3: 339, 2: 290, 5: 530, 4: 437, 7: 645, 6: 642, 8: 408, 9: 400}

Epoch: [16 | 70] LR: 0.010000 Sess: 4
69.45
23.25
33.5
65.0
15.35
{0: 732, 1: 657, 2: 179, 3: 286, 5: 395, 4: 275, 7: 686, 6: 614, 8: 177, 9: 130}

Epoch: [17 | 70] LR: 0.010000 Sess: 4
76.6
30.5
32.85
70.35
31.0
{1: 778, 0: 754, 3: 378, 2: 232, 5: 371, 4: 286, 7: 664, 6: 743, 9: 377, 8: 243}

Epoch: [18 | 70] LR: 0.010000 Sess: 4
71.85
39.05
32.9
66.95
35.349999999999994
{1: 830, 0: 607, 2: 495, 3: 286, 5: 352, 4: 306, 7: 513, 6: 826, 8: 414, 9: 293}

Epoch: [19 | 70] LR: 0.010000 Sess: 4
71.5
40.75
42.95
70.94999999999999
37.949999999999996
{1: 820, 0: 610, 3: 497, 2: 318, 4: 462, 5: 397, 7: 701, 6: 718, 8: 607, 9: 152}

Epoch: [20 | 70] LR: 0.010000 Sess: 4
68.95
37.300000000000004
34.75
70.5
50.3
{1: 754, 0: 625, 3: 524, 2: 222, 5: 448, 4: 247, 7: 597, 6: 813, 8: 606, 9: 400}

Epoch: [21 | 70] LR: 0.002000 Sess: 4
68.0
37.900000000000006
37.95
66.8
51.5
{1: 769, 0: 591, 3: 534, 2: 224, 5: 403, 4: 356, 7: 470, 6: 866, 8: 536, 9: 494}

Epoch: [22 | 70] LR: 0.002000 Sess: 4
69.1
37.4
39.0
69.2
54.6
{1: 749, 0: 633, 3: 491, 2: 257, 5: 408, 4: 372, 7: 537, 6: 847, 8: 562, 9: 530}

Epoch: [23 | 70] LR: 0.002000 Sess: 4
70.8
38.2
39.95
70.14999999999999
55.85
{1: 788, 0: 628, 2: 463, 3: 301, 5: 430, 4: 369, 7: 564, 6: 839, 8: 529, 9: 588}

Epoch: [24 | 70] LR: 0.002000 Sess: 4
70.75
36.9
38.55
71.25
61.15
{1: 769, 0: 646, 3: 412, 2: 326, 5: 406, 4: 365, 7: 684, 6: 741, 8: 625, 9: 598}

Epoch: [25 | 70] LR: 0.002000 Sess: 4
71.1
37.55
38.75
71.35000000000001
60.8
{1: 785, 0: 637, 3: 418, 2: 333, 5: 401, 4: 374, 7: 656, 6: 771, 8: 644, 9: 572}

Epoch: [26 | 70] LR: 0.002000 Sess: 4
71.1
36.449999999999996
39.599999999999994
71.4
60.7
{1: 780, 0: 642, 3: 412, 2: 317, 5: 408, 4: 384, 7: 630, 6: 798, 8: 649, 9: 565}

Epoch: [27 | 70] LR: 0.002000 Sess: 4
71.1
35.3
38.95
68.9
62.099999999999994
{1: 747, 0: 675, 3: 410, 2: 296, 5: 412, 4: 367, 7: 554, 6: 824, 8: 599, 9: 643}

Epoch: [28 | 70] LR: 0.002000 Sess: 4
68.65
32.5
35.35
66.55
63.05
{1: 626, 0: 747, 3: 443, 2: 207, 5: 380, 4: 327, 7: 501, 6: 830, 8: 614, 9: 647}

Epoch: [29 | 70] LR: 0.002000 Sess: 4
65.9
32.150000000000006
35.35
61.449999999999996
59.900000000000006
{1: 660, 0: 658, 3: 457, 2: 186, 5: 394, 4: 313, 7: 368, 6: 861, 8: 650, 9: 548}

Epoch: [30 | 70] LR: 0.002000 Sess: 4
66.15
33.25
39.3
64.5
65.45
{1: 695, 0: 628, 3: 418, 2: 247, 5: 391, 4: 395, 7: 435, 6: 855, 8: 666, 9: 643}

Epoch: [31 | 70] LR: 0.002000 Sess: 4
67.6
32.599999999999994
37.75
65.3
65.35
{1: 703, 0: 649, 3: 413, 2: 239, 5: 418, 4: 337, 7: 446, 6: 860, 8: 655, 9: 652}

Epoch: [32 | 70] LR: 0.002000 Sess: 4
69.1
34.8
38.900000000000006
68.05000000000001
66.7
{1: 731, 0: 651, 2: 257, 3: 439, 5: 445, 4: 333, 7: 549, 6: 812, 8: 703, 9: 631}

Epoch: [33 | 70] LR: 0.002000 Sess: 4
66.3
33.2
36.5
67.3
71.0
{1: 690, 0: 636, 3: 408, 2: 256, 5: 364, 4: 366, 7: 619, 6: 727, 8: 745, 9: 675}

Epoch: [34 | 70] LR: 0.002000 Sess: 4
66.65
32.85
38.55
64.35
71.9
{1: 701, 0: 632, 3: 410, 2: 247, 5: 381, 4: 390, 7: 519, 6: 768, 8: 699, 9: 739}

Epoch: [35 | 70] LR: 0.002000 Sess: 4
67.15
32.849999999999994
39.0
65.95
72.0
{1: 726, 0: 617, 3: 417, 2: 240, 5: 457, 4: 323, 7: 565, 6: 754, 8: 744, 9: 696}

Epoch: [36 | 70] LR: 0.002000 Sess: 4
65.45
31.9
37.05
63.0
72.95
{1: 661, 0: 648, 3: 435, 2: 203, 5: 441, 4: 300, 7: 517, 6: 743, 8: 739, 9: 720}

Epoch: [37 | 70] LR: 0.002000 Sess: 4
64.95
32.1
38.650000000000006
62.400000000000006
73.1
{1: 670, 0: 629, 2: 259, 3: 383, 5: 432, 4: 341, 7: 450, 6: 798, 8: 723, 9: 739}

Epoch: [38 | 70] LR: 0.002000 Sess: 4
61.15
30.1
38.45
60.0
72.85
{0: 624, 1: 599, 2: 213, 3: 389, 5: 428, 4: 341, 7: 386, 6: 814, 8: 648, 9: 809}

Epoch: [39 | 70] LR: 0.002000 Sess: 4
64.30000000000001
30.3
36.349999999999994
64.1
73.4
{1: 656, 0: 630, 2: 185, 3: 421, 5: 411, 4: 316, 6: 817, 7: 465, 8: 754, 9: 714}

Epoch: [40 | 70] LR: 0.002000 Sess: 4
63.75
31.799999999999997
37.3
64.45
75.25
{1: 650, 0: 625, 2: 211, 3: 425, 5: 396, 4: 350, 6: 791, 7: 498, 8: 749, 9: 756}

Epoch: [41 | 70] LR: 0.000400 Sess: 4
63.0
30.699999999999996
37.65
61.2
74.0
{1: 642, 0: 618, 2: 203, 3: 411, 5: 378, 4: 375, 6: 836, 7: 388, 8: 739, 9: 741}

Epoch: [42 | 70] LR: 0.000400 Sess: 4
61.900000000000006
28.950000000000003
34.85
60.900000000000006
74.25
{1: 552, 0: 686, 2: 187, 3: 392, 5: 384, 4: 313, 6: 779, 7: 439, 8: 765, 9: 720}

Epoch: [43 | 70] LR: 0.000400 Sess: 4
60.45
30.200000000000003
34.95
59.400000000000006
75.05000000000001
{0: 705, 1: 504, 2: 164, 3: 440, 5: 370, 4: 329, 6: 735, 7: 453, 8: 717, 9: 784}

Epoch: [44 | 70] LR: 0.000400 Sess: 4
60.400000000000006
30.650000000000002
36.900000000000006
59.35
75.35
{0: 676, 1: 532, 2: 156, 3: 457, 5: 372, 4: 366, 6: 742, 7: 445, 8: 735, 9: 772}

Epoch: [45 | 70] LR: 0.000400 Sess: 4
61.1
29.9
35.45
59.849999999999994
74.95
{0: 675, 1: 547, 2: 154, 3: 444, 5: 402, 4: 307, 6: 783, 7: 414, 8: 749, 9: 750}

Epoch: [46 | 70] LR: 0.000400 Sess: 4
61.85000000000001
30.1
35.900000000000006
60.4
73.94999999999999
{1: 560, 0: 677, 2: 164, 3: 438, 5: 402, 4: 316, 6: 785, 7: 423, 8: 723, 9: 756}

Epoch: [47 | 70] LR: 0.000400 Sess: 4
60.0
31.25
36.35
59.75
76.45
{0: 689, 1: 511, 2: 184, 3: 441, 5: 450, 4: 277, 7: 550, 6: 645, 8: 744, 9: 785}

Epoch: [48 | 70] LR: 0.000400 Sess: 4
61.5
30.2
37.45
60.300000000000004
76.4
{0: 675, 1: 555, 2: 184, 3: 420, 5: 453, 4: 296, 7: 525, 6: 681, 8: 769, 9: 759}

Epoch: [49 | 70] LR: 0.000400 Sess: 4
61.4
30.1
36.15
60.55
75.9
{1: 576, 0: 652, 2: 172, 3: 430, 5: 434, 4: 289, 6: 778, 7: 433, 8: 762, 9: 756}

Epoch: [50 | 70] LR: 0.000400 Sess: 4
61.45
30.05
37.3
60.099999999999994
76.75
{0: 674, 1: 555, 2: 180, 3: 421, 5: 425, 4: 321, 6: 731, 7: 471, 8: 756, 9: 779}

Epoch: [51 | 70] LR: 0.000400 Sess: 4
61.55
30.299999999999997
37.599999999999994
60.9
76.30000000000001
{0: 647, 1: 584, 2: 184, 3: 422, 5: 422, 4: 330, 6: 742, 7: 476, 8: 776, 9: 750}

Epoch: [52 | 70] LR: 0.000400 Sess: 4
61.00000000000001
30.700000000000003
36.25
59.99999999999999
76.80000000000001
{0: 681, 1: 539, 2: 177, 3: 437, 5: 436, 4: 289, 6: 729, 7: 471, 8: 765, 9: 771}

Epoch: [53 | 70] LR: 0.000400 Sess: 4
62.5
31.049999999999997
38.5
60.95
76.1
{1: 610, 0: 640, 2: 197, 3: 424, 5: 436, 4: 334, 6: 794, 7: 425, 8: 770, 9: 752}

Epoch: [54 | 70] LR: 0.000400 Sess: 4
61.25
30.7
38.05
60.55
76.75
{0: 637, 1: 588, 2: 200, 3: 414, 5: 434, 4: 327, 6: 766, 7: 445, 8: 783, 9: 752}

Epoch: [55 | 70] LR: 0.000400 Sess: 4
61.3
32.1
38.14999999999999
59.55
77.25
{0: 644, 1: 582, 2: 188, 3: 454, 5: 411, 4: 352, 6: 709, 7: 482, 8: 771, 9: 774}

Epoch: [56 | 70] LR: 0.000400 Sess: 4
61.15
31.849999999999998
39.75
60.39999999999999
78.05000000000001
{0: 629, 1: 594, 2: 210, 3: 427, 5: 387, 4: 408, 6: 719, 7: 489, 8: 774, 9: 787}

Epoch: [57 | 70] LR: 0.000400 Sess: 4
61.6
31.1
39.7
59.5
77.85
{0: 644, 1: 588, 2: 223, 3: 399, 5: 430, 4: 364, 6: 706, 7: 484, 8: 778, 9: 779}

Epoch: [58 | 70] LR: 0.000400 Sess: 4
60.949999999999996
32.05
39.849999999999994
60.05
77.7
{0: 633, 1: 586, 2: 215, 3: 426, 5: 433, 4: 364, 7: 516, 6: 685, 8: 767, 9: 787}

Epoch: [59 | 70] LR: 0.000400 Sess: 4
59.949999999999996
30.5
39.400000000000006
60.65
78.55000000000001
{0: 629, 1: 570, 2: 210, 3: 400, 5: 406, 4: 382, 6: 711, 7: 502, 8: 774, 9: 797}

Epoch: [60 | 70] LR: 0.000400 Sess: 4
60.3
31.6
37.65
60.25
77.35
{0: 629, 1: 577, 2: 194, 3: 438, 5: 463, 4: 290, 6: 691, 7: 514, 8: 779, 9: 768}

Epoch: [61 | 70] LR: 0.000080 Sess: 4
60.05
31.849999999999998
40.5
60.60000000000001
78.25
{0: 602, 1: 599, 2: 210, 3: 427, 5: 407, 4: 403, 6: 686, 7: 526, 8: 790, 9: 775}

Epoch: [62 | 70] LR: 0.000080 Sess: 4
60.25
31.2
40.65
59.849999999999994
78.6
{0: 608, 1: 597, 2: 216, 3: 408, 5: 417, 4: 396, 6: 689, 7: 508, 8: 788, 9: 784}

Epoch: [63 | 70] LR: 0.000080 Sess: 4
59.699999999999996
31.55
38.5
59.55
78.2
{0: 601, 1: 593, 2: 205, 3: 426, 5: 430, 4: 340, 6: 742, 7: 449, 8: 800, 9: 764}

Epoch: [64 | 70] LR: 0.000080 Sess: 4
60.05
31.95
40.55
59.60000000000001
78.25
{0: 613, 1: 588, 2: 201, 3: 438, 5: 426, 4: 385, 6: 686, 7: 506, 8: 778, 9: 787}

Epoch: [65 | 70] LR: 0.000080 Sess: 4
60.449999999999996
31.200000000000003
40.6
60.05
78.60000000000001
{0: 623, 1: 586, 2: 233, 3: 391, 5: 421, 4: 391, 6: 700, 7: 501, 8: 786, 9: 786}

Epoch: [66 | 70] LR: 0.000080 Sess: 4
61.0
31.65
39.55
60.55
77.75
{0: 598, 1: 622, 2: 215, 3: 418, 5: 423, 4: 368, 6: 705, 7: 506, 8: 799, 9: 756}

Epoch: [67 | 70] LR: 0.000080 Sess: 4
60.5
31.3
40.95
59.949999999999996
78.4
{0: 610, 1: 600, 2: 205, 3: 421, 5: 405, 4: 414, 6: 706, 7: 493, 8: 782, 9: 786}

Epoch: [68 | 70] LR: 0.000080 Sess: 4
60.2
31.25
38.85
60.35
77.75
{0: 595, 1: 609, 2: 220, 3: 405, 5: 405, 4: 372, 6: 742, 7: 465, 8: 801, 9: 754}

Epoch: [69 | 70] LR: 0.000080 Sess: 4
59.3
32.05
39.099999999999994
60.45
78.30000000000001
{0: 598, 1: 588, 2: 215, 3: 426, 5: 433, 4: 349, 6: 698, 7: 511, 8: 789, 9: 777}

Epoch: [70 | 70] LR: 0.000080 Sess: 4
The PostScript backend does not support transparency; partially transparent artists will be rendered opaque.
60.65
31.849999999999998
40.55
60.5
78.15
{0: 592, 1: 621, 2: 215, 3: 422, 5: 431, 4: 380, 6: 695, 7: 515, 8: 796, 9: 767}
Best acc:
55.91
2000
Training meta tasks:	 0
Training meta tasks:	 1
Training meta tasks:	 2
Training meta tasks:	 3
Training meta tasks:	 4
97.3
85.55
91.60000000000001
96.3
96.44999999999999
{0: 967, 1: 979, 2: 858, 3: 853, 4: 933, 5: 899, 6: 971, 7: 955, 8: 975, 9: 954}

Running field test evaluation on poisoned data...
Poisoned field test results saved to models/cifar10poison/meta2_cifar_T10_71/field_test_results.txt
